20:04:03    0 ****************************************************
20:04:03    0 ** Dragonfly version 4.16 **
20:04:03    0 ** Game engine started **
20:04:03    0 ****************************************************
20:04:04    1 GameManager::run(): Can't keep up! frame_time 33 ms, split 40 ms
20:04:05   11 GameManager::run(): Can't keep up! frame_time 33 ms, split 33 ms
20:04:05   22 GameManager::run(): Can't keep up! frame_time 33 ms, split 35 ms
20:04:05   23 GameManager::run(): Can't keep up! frame_time 33 ms, split 33 ms
20:04:05   31 GameManager::run(): Can't keep up! frame_time 33 ms, split 35 ms
20:04:06   60 GameManager::run(): Can't keep up! frame_time 33 ms, split 34 ms
20:04:07   72 GameManager::run(): Can't keep up! frame_time 33 ms, split 36 ms
20:04:07   82 GameManager::run(): Can't keep up! frame_time 33 ms, split 44 ms
20:04:07   90 RM::loadSprite(): Loading sprite 'sprites/saucer-spr.txt'.
20:04:07   90 RM::loadSprite(): Sprite 'saucer' loaded.
20:04:07   90 RM::loadSprite(): Loading sprite 'sprites/ship-spr.txt'.
20:04:07   90 RM::loadSprite(): Sprite 'ship' loaded.
20:04:07   90 RM::loadSprite(): Loading sprite 'sprites/bullet-spr.txt'.
20:04:07   90 RM::loadSprite(): Sprite 'bullet' loaded.
20:04:07   90 RM::loadSprite(): Loading sprite 'sprites/explosion-spr.txt'.
20:04:07   90 RM::loadSprite(): Sprite 'explosion' loaded.
20:04:07   90 RM::loadSprite(): Loading sprite 'sprites/gamestart-spr.txt'.
20:04:07   90 RM::loadSprite(): Sprite 'gamestart' loaded.
20:04:07   90 RM::loadSprite(): Loading sprite 'sprites/gameover-spr.txt'.
20:04:07   90 RM::loadSprite(): Sprite 'gameover' loaded.
20:04:07   90 Pause::Pause(): Pause enabled.  Press any other key to resume.
20:04:07   90 MenuSelect | setLocation() x = 0.0, y = 0.0.
20:04:07   90 MenuSelect | setLocation() x = 8.0, y = 2.4.
