Bullet.obj : error LNK2001: unresolved external symbol "public: int __cdecl df::WorldManager::markForDelete(class df::Object *)" (?markForDelete@WorldManager@df@@QEAAHPEAVObject@2@@Z)
Bullet.obj : error LNK2001: unresolved external symbol "public: static class df::WorldManager & __cdecl df::WorldManager::getInstance(void)" (?getInstance@WorldManager@df@@SAAEAV12@XZ)
Bullet.obj : error LNK2001: unresolved external symbol "public: class df::Object * __cdecl df::EventCollision::getObject2(void)const " (?getObject2@EventCollision@df@@QEBAPEAVObject@2@XZ)
Bullet.obj : error LNK2001: unresolved external symbol "public: class df::Object * __cdecl df::EventCollision::getObject1(void)const " (?getObject1@EventCollision@df@@QEBAPEAVObject@2@XZ)
Bullet.obj : error LNK2001: unresolved external symbol "public: class std::basic_string<char,struct std::char_traits<char>,class std::allocator<char> > __cdecl df::Event::getType(void)const " (?getType@Event@df@@QEBA?AV?$basic_string@DU?$char_traits@D@std@@V?$allocator@D@2@@std@@XZ)
Bullet.obj : error LNK2001: unresolved external symbol "public: float __cdecl df::Vector::getY(void)const " (?getY@Vector@df@@QEBAMXZ)
Bullet.obj : error LNK2001: unresolved external symbol "public: float __cdecl df::Vector::getX(void)const " (?getX@Vector@df@@QEBAMXZ)
Bullet.obj : error LNK2001: unresolved external symbol "public: __cdecl df::Vector::Vector(float,float)" (??0Vector@df@@QEAA@MM@Z)
Bullet.obj : error LNK2001: unresolved external symbol "public: virtual bool __cdecl df::Object::isModified(enum df::ObjectAttribute)const " (?isModified@Object@df@@UEBA_NW4ObjectAttribute@2@@Z)
Bullet.obj : error LNK2001: unresolved external symbol "public: virtual bool __cdecl df::Object::isModified(void)const " (?isModified@Object@df@@UEBA_NXZ)
Bullet.obj : error LNK2001: unresolved external symbol "public: virtual int __cdecl df::Object::deserialize(class std::basic_string<char,struct std::char_traits<char>,class std::allocator<char> >)" (?deserialize@Object@df@@UEAAHV?$basic_string@DU?$char_traits@D@std@@V?$allocator@D@2@@std@@@Z)
Bullet.obj : error LNK2001: unresolved external symbol "public: virtual class std::basic_string<char,struct std::char_traits<char>,class std::allocator<char> > __cdecl df::Object::serialize(class std::basic_string<char,struct std::char_traits<char>,class std::allocator<char> >)" (?serialize@Object@df@@UEAA?AV?$basic_string@DU?$char_traits@D@std@@V?$allocator@D@2@@std@@V34@@Z)
Bullet.obj : error LNK2001: unresolved external symbol "public: virtual int __cdecl df::Object::draw(void)" (?draw@Object@df@@UEAAHXZ)
Bullet.obj : error LNK2001: unresolved external symbol "public: int __cdecl df::Object::setSprite(class std::basic_string<char,struct std::char_traits<char>,class std::allocator<char> >)" (?setSprite@Object@df@@QEAAHV?$basic_string@DU?$char_traits@D@std@@V?$allocator@D@2@@std@@@Z)
Bullet.obj : error LNK2001: unresolved external symbol "public: void __cdecl df::Object::setSpeed(float)" (?setSpeed@Object@df@@QEAAXM@Z)
Bullet.obj : error LNK2001: unresolved external symbol "public: int __cdecl df::Object::setSolidness(enum df::Solidness)" (?setSolidness@Object@df@@QEAAHW4Solidness@2@@Z)
Bullet.obj : error LNK2001: unresolved external symbol "public: virtual int __cdecl df::Object::setPosition(class df::Vector)" (?setPosition@Object@df@@UEAAHVVector@2@@Z)
Bullet.obj : error LNK2001: unresolved external symbol "public: class std::basic_string<char,struct std::char_traits<char>,class std::allocator<char> > __cdecl df::Object::getType(void)const " (?getType@Object@df@@QEBA?AV?$basic_string@DU?$char_traits@D@std@@V?$allocator@D@2@@std@@XZ)
Bullet.obj : error LNK2001: unresolved external symbol "public: void __cdecl df::Object::setType(class std::basic_string<char,struct std::char_traits<char>,class std::allocator<char> >)" (?setType@Object@df@@QEAAXV?$basic_string@DU?$char_traits@D@std@@V?$allocator@D@2@@std@@@Z)
Bullet.obj : error LNK2001: unresolved external symbol "public: virtual __cdecl df::Object::~Object(void)" (??1Object@df@@UEAA@XZ)
Bullet.obj : error LNK2001: unresolved external symbol "public: __cdecl df::Object::Object(void)" (??0Object@df@@QEAA@XZ)
EventNuke.obj : error LNK2001: unresolved external symbol "public: void __cdecl df::Event::setType(class std::basic_string<char,struct std::char_traits<char>,class std::allocator<char> >)" (?setType@Event@df@@QEAAXV?$basic_string@DU?$char_traits@D@std@@V?$allocator@D@2@@std@@@Z)
EventNuke.obj : error LNK2001: unresolved external symbol "public: virtual __cdecl df::Event::~Event(void)" (??1Event@df@@UEAA@XZ)
EventNuke.obj : error LNK2001: unresolved external symbol "public: __cdecl df::Event::Event(void)" (??0Event@df@@QEAA@XZ)
Explosion.obj : error LNK2001: unresolved external symbol "public: class df::Sprite * __cdecl df::Animation::getSprite(void)const " (?getSprite@Animation@df@@QEBAPEAVSprite@2@XZ)
Explosion.obj : error LNK2001: unresolved external symbol "public: int __cdecl df::Sprite::getFrameCount(void)const " (?getFrameCount@Sprite@df@@QEBAHXZ)
Explosion.obj : error LNK2001: unresolved external symbol "public: class df::Animation __cdecl df::Object::getAnimation(void)const " (?getAnimation@Object@df@@QEBA?AVAnimation@2@XZ)
Explosion.obj : error LNK2001: unresolved external symbol "public: int __cdecl df::Object::registerInterest(class std::basic_string<char,struct std::char_traits<char>,class std::allocator<char> >)" (?registerInterest@Object@df@@QEAAHV?$basic_string@DU?$char_traits@D@std@@V?$allocator@D@2@@std@@@Z)
game.obj : error LNK2001: unresolved external symbol "__declspec(dllimport) public: bool __cdecl sf::Music::openFromFile(class std::basic_string<char,struct std::char_traits<char>,class std::allocator<char> > const &)" (__imp_?openFromFile@Music@sf@@QEAA_NAEBV?$basic_string@DU?$char_traits@D@std@@V?$allocator@D@2@@std@@@Z)
game.obj : error LNK2001: unresolved external symbol "__declspec(dllimport) public: virtual __cdecl sf::Music::~Music(void)" (__imp_??1Music@sf@@UEAA@XZ)
game.obj : error LNK2001: unresolved external symbol "__declspec(dllimport) public: __cdecl sf::Music::Music(void)" (__imp_??0Music@sf@@QEAA@XZ)
game.obj : error LNK2001: unresolved external symbol "__declspec(dllimport) public: virtual void __cdecl sf::SoundStream::play(void)" (__imp_?play@SoundStream@sf@@UEAAXXZ)
game.obj : error LNK2001: unresolved external symbol "public: __cdecl df::Pause::Pause(int)" (??0Pause@df@@QEAA@H@Z)
game.obj : error LNK2001: unresolved external symbol "public: int __cdecl df::ResourceManager::loadMusic(class std::basic_string<char,struct std::char_traits<char>,class std::allocator<char> >,class std::basic_string<char,struct std::char_traits<char>,class std::allocator<char> >)" (?loadMusic@ResourceManager@df@@QEAAHV?$basic_string@DU?$char_traits@D@std@@V?$allocator@D@2@@std@@0@Z)
game.obj : error LNK2001: unresolved external symbol "public: int __cdecl df::ResourceManager::loadSound(class std::basic_string<char,struct std::char_traits<char>,class std::allocator<char> >,class std::basic_string<char,struct std::char_traits<char>,class std::allocator<char> >)" (?loadSound@ResourceManager@df@@QEAAHV?$basic_string@DU?$char_traits@D@std@@V?$allocator@D@2@@std@@0@Z)
game.obj : error LNK2001: unresolved external symbol "public: int __cdecl df::ResourceManager::loadSprite(class std::basic_string<char,struct std::char_traits<char>,class std::allocator<char> >,class std::basic_string<char,struct std::char_traits<char>,class std::allocator<char> >)" (?loadSprite@ResourceManager@df@@QEAAHV?$basic_string@DU?$char_traits@D@std@@V?$allocator@D@2@@std@@0@Z)
game.obj : error LNK2001: unresolved external symbol "public: static class df::ResourceManager & __cdecl df::ResourceManager::getInstance(void)" (?getInstance@ResourceManager@df@@SAAEAV12@XZ)
game.obj : error LNK2001: unresolved external symbol "int __cdecl df::splash(void)" (?splash@df@@YAHXZ)
game.obj : error LNK2001: unresolved external symbol "public: void __cdecl df::LogManager::setFlush(bool)" (?setFlush@LogManager@df@@QEAAX_N@Z)
game.obj : error LNK2001: unresolved external symbol "public: int __cdecl df::LogManager::writeLog(char const *,...)const " (?writeLog@LogManager@df@@QEBAHPEBDZZ)
game.obj : error LNK2001: unresolved external symbol "public: static class df::LogManager & __cdecl df::LogManager::getInstance(void)" (?getInstance@LogManager@df@@SAAEAV12@XZ)
game.obj : error LNK2001: unresolved external symbol "public: void __cdecl df::GameManager::run(void)" (?run@GameManager@df@@QEAAXXZ)
game.obj : error LNK2001: unresolved external symbol "public: static class df::GameManager & __cdecl df::GameManager::getInstance(void)" (?getInstance@GameManager@df@@SAAEAV12@XZ)
GameOver.obj : error LNK2001: unresolved external symbol "public: class df::ObjectList __cdecl df::WorldManager::getAllObjects(bool)const " (?getAllObjects@WorldManager@df@@QEBA?AVObjectList@2@_N@Z)
GameOver.obj : error LNK2001: unresolved external symbol "public: virtual bool __cdecl df::ViewObject::isModified(enum df::ViewObjectAttribute)const " (?isModified@ViewObject@df@@UEBA_NW4ViewObjectAttribute@2@@Z)
GameOver.obj : error LNK2001: unresolved external symbol "public: virtual bool __cdecl df::ViewObject::isModified(void)const " (?isModified@ViewObject@df@@UEBA_NXZ)
GameOver.obj : error LNK2001: unresolved external symbol "public: virtual int __cdecl df::ViewObject::deserialize(class std::basic_string<char,struct std::char_traits<char>,class std::allocator<char> >)" (?deserialize@ViewObject@df@@UEAAHV?$basic_string@DU?$char_traits@D@std@@V?$allocator@D@2@@std@@@Z)
GameOver.obj : error LNK2001: unresolved external symbol "public: virtual class std::basic_string<char,struct std::char_traits<char>,class std::allocator<char> > __cdecl df::ViewObject::serialize(class std::basic_string<char,struct std::char_traits<char>,class std::allocator<char> >)" (?serialize@ViewObject@df@@UEAA?AV?$basic_string@DU?$char_traits@D@std@@V?$allocator@D@2@@std@@V34@@Z)
GameOver.obj : error LNK2001: unresolved external symbol "public: virtual int __cdecl df::ViewObject::setPosition(class df::Vector)" (?setPosition@ViewObject@df@@UEAAHVVector@2@@Z)
GameOver.obj : error LNK2001: unresolved external symbol "public: void __cdecl df::ViewObject::setLocation(enum df::ViewObjectLocation)" (?setLocation@ViewObject@df@@QEAAXW4ViewObjectLocation@2@@Z)
GameOver.obj : error LNK2001: unresolved external symbol "public: __cdecl df::ViewObject::ViewObject(void)" (??0ViewObject@df@@QEAA@XZ)
GameOver.obj : error LNK2001: unresolved external symbol "public: class df::Object * __cdecl df::ObjectListIterator::currentObject(void)const " (?currentObject@ObjectListIterator@df@@QEBAPEAVObject@2@XZ)
GameOver.obj : error LNK2001: unresolved external symbol "public: bool __cdecl df::ObjectListIterator::isDone(void)const " (?isDone@ObjectListIterator@df@@QEBA_NXZ)
GameOver.obj : error LNK2001: unresolved external symbol "public: void __cdecl df::ObjectListIterator::next(void)" (?next@ObjectListIterator@df@@QEAAXXZ)
GameOver.obj : error LNK2001: unresolved external symbol "public: void __cdecl df::ObjectListIterator::first(void)" (?first@ObjectListIterator@df@@QEAAXXZ)
GameOver.obj : error LNK2001: unresolved external symbol "public: __cdecl df::ObjectListIterator::ObjectListIterator(class df::ObjectList const *)" (??0ObjectListIterator@df@@QEAA@PEBVObjectList@1@@Z)
GameOver.obj : error LNK2001: unresolved external symbol "public: class df::Sound * __cdecl df::ResourceManager::getSound(class std::basic_string<char,struct std::char_traits<char>,class std::allocator<char> >)" (?getSound@ResourceManager@df@@QEAAPEAVSound@2@V?$basic_string@DU?$char_traits@D@std@@V?$allocator@D@2@@std@@@Z)
GameOver.obj : error LNK2001: unresolved external symbol "public: void __cdecl df::Sound::play(bool)" (?play@Sound@df@@QEAAX_N@Z)
GameOver.obj : error LNK2001: unresolved external symbol "public: __cdecl df::ObjectList::~ObjectList(void)" (??1ObjectList@df@@QEAA@XZ)
GameOver.obj : error LNK2001: unresolved external symbol "public: int __cdecl df::Sprite::getSlowdown(void)const " (?getSlowdown@Sprite@df@@QEBAHXZ)
GameOver.obj : error LNK2001: unresolved external symbol "public: int __cdecl df::Object::setActive(bool)" (?setActive@Object@df@@QEAAH_N@Z)
GameStart.obj : error LNK2001: unresolved external symbol "public: void __cdecl df::ViewObject::setViewString(class std::basic_string<char,struct std::char_traits<char>,class std::allocator<char> >)" (?setViewString@ViewObject@df@@QEAAXV?$basic_string@DU?$char_traits@D@std@@V?$allocator@D@2@@std@@@Z)
GameStart.obj : error LNK2001: unresolved external symbol "public: void __cdecl df::ViewObject::setColor(enum df::Color)" (?setColor@ViewObject@df@@QEAAXW4Color@2@@Z)
GameStart.obj : error LNK2001: unresolved external symbol "public: void __cdecl df::ViewObject::setValue(int)" (?setValue@ViewObject@df@@QEAAXH@Z)
GameStart.obj : error LNK2001: unresolved external symbol "public: class df::Music * __cdecl df::ResourceManager::getMusic(class std::basic_string<char,struct std::char_traits<char>,class std::allocator<char> >)" (?getMusic@ResourceManager@df@@QEAAPEAVMusic@2@V?$basic_string@DU?$char_traits@D@std@@V?$allocator@D@2@@std@@@Z)
GameStart.obj : error LNK2001: unresolved external symbol "public: void __cdecl df::Music::pause(void)" (?pause@Music@df@@QEAAXXZ)
GameStart.obj : error LNK2001: unresolved external symbol "public: void __cdecl df::Music::play(bool)" (?play@Music@df@@QEAAX_N@Z)
GameStart.obj : error LNK2001: unresolved external symbol "public: void __cdecl df::GameManager::setGameOver(bool)" (?setGameOver@GameManager@df@@QEAAX_N@Z)
Hero.obj : error LNK2001: unresolved external symbol "public: class df::Box __cdecl df::WorldManager::getBoundary(void)const " (?getBoundary@WorldManager@df@@QEBA?AVBox@2@XZ)
Hero.obj : error LNK2001: unresolved external symbol "public: int __cdecl df::WorldManager::moveObject(class df::Object *,class df::Vector)" (?moveObject@WorldManager@df@@QEAAHPEAVObject@2@VVector@2@@Z)
Hero.obj : error LNK2001: unresolved external symbol "public: int __cdecl df::Manager::onEvent(class df::Event const *)const " (?onEvent@Manager@df@@QEBAHPEBVEvent@2@@Z)
Hero.obj : error LNK2001: unresolved external symbol "int __cdecl df::addParticles(enum df::ParticleType,class df::Vector,float,enum df::Color)" (?addParticles@df@@YAHW4ParticleType@1@VVector@1@MW4Color@1@@Z)
Hero.obj : error LNK2001: unresolved external symbol "public: class df::Vector __cdecl df::Vector::operator-(class df::Vector const &)const " (??GVector@df@@QEBA?AV01@AEBV01@@Z)
Hero.obj : error LNK2001: unresolved external symbol "public: void __cdecl df::Vector::scale(float)" (?scale@Vector@df@@QEAAXM@Z)
Hero.obj : error LNK2001: unresolved external symbol "public: void __cdecl df::Vector::normalize(void)" (?normalize@Vector@df@@QEAAXXZ)
Hero.obj : error LNK2001: unresolved external symbol "public: float __cdecl df::Box::getVertical(void)const " (?getVertical@Box@df@@QEBAMXZ)
Hero.obj : error LNK2001: unresolved external symbol "public: void __cdecl df::Object::setVelocity(class df::Vector)" (?setVelocity@Object@df@@QEAAXVVector@2@@Z)
Hero.obj : error LNK2001: unresolved external symbol "public: class df::Vector __cdecl df::Object::getPosition(void)const " (?getPosition@Object@df@@QEBA?AVVector@2@XZ)
Hero.obj : error LNK2001: unresolved external symbol "public: class df::Vector __cdecl df::EventMouse::getMousePosition(void)const " (?getMousePosition@EventMouse@df@@QEBA?AVVector@2@XZ)
Hero.obj : error LNK2001: unresolved external symbol "public: enum df::Mouse::Button __cdecl df::EventMouse::getMouseButton(void)const " (?getMouseButton@EventMouse@df@@QEBA?AW4Button@Mouse@2@XZ)
Hero.obj : error LNK2001: unresolved external symbol "public: enum df::EventMouseAction __cdecl df::EventMouse::getMouseAction(void)const " (?getMouseAction@EventMouse@df@@QEBA?AW4EventMouseAction@2@XZ)
Hero.obj : error LNK2001: unresolved external symbol "public: __cdecl df::EventView::EventView(class std::basic_string<char,struct std::char_traits<char>,class std::allocator<char> >,int,bool)" (??0EventView@df@@QEAA@V?$basic_string@DU?$char_traits@D@std@@V?$allocator@D@2@@std@@H_N@Z)
Points.obj : error LNK2001: unresolved external symbol "public: int __cdecl df::ViewObject::getValue(void)const " (?getValue@ViewObject@df@@QEBAHXZ)
Points.obj : error LNK2001: unresolved external symbol "public: virtual int __cdecl df::ViewObject::eventHandler(class df::Event const *)" (?eventHandler@ViewObject@df@@UEAAHPEBVEvent@2@@Z)
Points.obj : error LNK2001: unresolved external symbol "public: virtual int __cdecl df::ViewObject::draw(void)" (?draw@ViewObject@df@@UEAAHXZ)
Points.obj : error LNK2001: unresolved external symbol "public: int __cdecl df::EventStep::getStepCount(void)const " (?getStepCount@EventStep@df@@QEBAHXZ)
Reticle.obj : error LNK2001: unresolved external symbol "public: int __cdecl df::DisplayManager::drawCh(class df::Vector,char,enum df::Color)const " (?drawCh@DisplayManager@df@@QEBAHVVector@2@DW4Color@2@@Z)
Reticle.obj : error LNK2001: unresolved external symbol "public: static class df::DisplayManager & __cdecl df::DisplayManager::getInstance(void)" (?getInstance@DisplayManager@df@@SAAEAV12@XZ)
Reticle.obj : error LNK2001: unresolved external symbol "public: float __cdecl df::Box::getHorizontal(void)const " (?getHorizontal@Box@df@@QEBAMXZ)
Reticle.obj : error LNK2001: unresolved external symbol "public: int __cdecl df::Object::setAltitude(int)" (?setAltitude@Object@df@@QEAAHH@Z)
Saucer.obj : error LNK2001: unresolved external symbol "public: class df::ObjectList __cdecl df::WorldManager::getCollisions(class df::Object *,class df::Vector)const " (?getCollisions@WorldManager@df@@QEBA?AVObjectList@2@PEAVObject@2@VVector@2@@Z)
Saucer.obj : error LNK2001: unresolved external symbol "public: void __cdecl df::Vector::setY(float)" (?setY@Vector@df@@QEAAXM@Z)
Saucer.obj : error LNK2001: unresolved external symbol "public: void __cdecl df::Vector::setX(float)" (?setX@Vector@df@@QEAAXM@Z)
Saucer.obj : error LNK2001: unresolved external symbol "public: __cdecl df::Vector::Vector(void)" (??0Vector@df@@QEAA@XZ)
Saucer.obj : error LNK2001: unresolved external symbol "public: bool __cdecl df::ObjectList::isEmpty(void)const " (?isEmpty@ObjectList@df@@QEBA_NXZ)
Saucer.obj : error LNK2001: unresolved external symbol "public: class df::ObjectList & __cdecl df::ObjectList::operator=(class df::ObjectList const &)" (??4ObjectList@df@@QEAAAEAV01@AEBV01@@Z)
C:\Users\jenna\Documents\GitHub\GardenOfAge\GardenOfAge\x64\Release\GardenOfAge.exe : fatal error LNK1120: 96 unresolved externals
